# Logfile created on 2016-10-14 20:23:55 +0900 by logger.rb/54362
2016-10-14T11:23:55.640Z 84909 TID-oxj1tufb8 INFO: Booting Sidekiq 4.2.2 with redis options {:url=>"redis://localhost", :namespace=>"sidekiq"}
2016-10-14T11:23:55.641Z 84909 TID-oxj1tufb8 INFO: Running in ruby 2.3.1p112 (2016-04-26 revision 54768) [x86_64-darwin15]
2016-10-14T11:23:55.641Z 84909 TID-oxj1tufb8 INFO: See LICENSE and the LGPL-3.0 for licensing details.
2016-10-14T11:23:55.641Z 84909 TID-oxj1tufb8 INFO: Upgrade to Sidekiq Pro for more features and support: http://sidekiq.org
2016-10-14T11:23:55.652Z 84909 TID-oxj1tufb8 DEBUG: Client Middleware: 
2016-10-14T11:23:55.652Z 84909 TID-oxj1tufb8 DEBUG: Server Middleware: Sidekiq::Middleware::Server::Logging, Sidekiq::Middleware::Server::RetryJobs
2016-10-14T11:23:55.652Z 84909 TID-oxj1tufb8 INFO: Starting processing, hit Ctrl-C to stop
2016-10-14T11:23:55.678Z 84909 TID-oxj1tufb8 DEBUG: {:queues=>["default"], :labels=>[], :concurrency=>25, :require=>"./worker.rb", :environment=>nil, :timeout=>8, :poll_interval_average=>nil, :average_scheduled_poll_interval=>15, :error_handlers=>[#<Sidekiq::ExceptionHandler::Logger:0x007fefe301e598>], :lifecycle_events=>{:startup=>[], :quiet=>[], :shutdown=>[], :heartbeat=>[]}, :dead_max_jobs=>10000, :dead_timeout_in_seconds=>15552000, :reloader=>#<Proc:0x007fefe1aefe88@/Users/hokamura/local/src/github.com/hokaccha/isucon-misc/sidekiq/vendor/bundle/ruby/2.3.0/gems/sidekiq-4.2.2/lib/sidekiq.rb:35>, :verbose=>true, :pidfile=>"./sidekiq.pid", :logfile=>"./sidekiq.log", :config_file=>"sidekiq.yml", :strict=>true, :identity=>"hokamura-MBP-1.local:84909:9b097f239d69"}
2016-10-14T11:23:55.690Z 84909 TID-oxj1xhp30 HelloJob JID-1d22df827aeb3c942e98d691 INFO: start
2016-10-14T11:23:55.693Z 84909 TID-oxj1xhp30 HelloJob JID-1d22df827aeb3c942e98d691 INFO: done: 0.003 sec
2016-10-14T11:24:04.466Z 84909 TID-oxj1xgq80 HelloJob JID-6f3babf94b8aee7f92af8208 INFO: start
2016-10-14T11:24:04.466Z 84909 TID-oxj1xgq80 HelloJob JID-6f3babf94b8aee7f92af8208 INFO: done: 0.0 sec
2016-10-14T11:24:15.237Z 84909 TID-oxj1tufb8 DEBUG: Got INT signal
2016-10-14T11:24:15.237Z 84909 TID-oxj1tufb8 INFO: Shutting down
2016-10-14T11:24:15.237Z 84909 TID-oxj1tufb8 INFO: Terminating quiet workers
2016-10-14T11:24:15.237Z 84909 TID-oxj1xhpf8 INFO: Scheduler exiting...
2016-10-14T11:24:15.339Z 84909 TID-oxj1tufb8 INFO: Pausing to allow workers to finish...
2016-10-14T11:24:17.817Z 84909 TID-oxj1tufb8 INFO: Bye!
2016-10-14T11:24:42.960Z 84963 TID-ow7hqfv9o INFO: Booting Sidekiq 4.2.2 with redis options {:url=>"redis://localhost", :namespace=>"sidekiq"}
2016-10-14T11:24:42.960Z 84963 TID-ow7hqfv9o INFO: Running in ruby 2.3.1p112 (2016-04-26 revision 54768) [x86_64-darwin15]
2016-10-14T11:24:42.960Z 84963 TID-ow7hqfv9o INFO: See LICENSE and the LGPL-3.0 for licensing details.
2016-10-14T11:24:42.960Z 84963 TID-ow7hqfv9o INFO: Upgrade to Sidekiq Pro for more features and support: http://sidekiq.org
2016-10-14T11:24:42.968Z 84963 TID-ow7hqfv9o DEBUG: Client Middleware: 
2016-10-14T11:24:42.968Z 84963 TID-ow7hqfv9o DEBUG: Server Middleware: Sidekiq::Middleware::Server::Logging, Sidekiq::Middleware::Server::RetryJobs
2016-10-14T11:24:42.968Z 84963 TID-ow7hqfv9o INFO: Starting processing, hit Ctrl-C to stop
2016-10-14T11:24:42.982Z 84963 TID-ow7hqfv9o DEBUG: {:queues=>["default"], :labels=>[], :concurrency=>25, :require=>"./worker.rb", :environment=>nil, :timeout=>8, :poll_interval_average=>nil, :average_scheduled_poll_interval=>15, :error_handlers=>[#<Sidekiq::ExceptionHandler::Logger:0x007fbfac3aac78>], :lifecycle_events=>{:startup=>[], :quiet=>[], :shutdown=>[], :heartbeat=>[]}, :dead_max_jobs=>10000, :dead_timeout_in_seconds=>15552000, :reloader=>#<Proc:0x007fbfac438730@/Users/hokamura/local/src/github.com/hokaccha/isucon-misc/sidekiq/vendor/bundle/ruby/2.3.0/gems/sidekiq-4.2.2/lib/sidekiq.rb:35>, :pidfile=>"./sidekiq.pid", :logfile=>"./sidekiq.log", :verbose=>true, :config_file=>"sidekiq.yml", :strict=>true, :identity=>"hokamura-MBP-1.local:84963:5bf1876680ef"}
2016-10-14T11:24:47.102Z 84963 TID-ow7hqfv9o DEBUG: Got INT signal
2016-10-14T11:24:47.102Z 84963 TID-ow7hqfv9o INFO: Shutting down
2016-10-14T11:24:47.102Z 84963 TID-ow7hqfv9o INFO: Terminating quiet workers
2016-10-14T11:24:47.102Z 84963 TID-ow7hrvafw INFO: Scheduler exiting...
2016-10-14T11:24:47.206Z 84963 TID-ow7hqfv9o INFO: Pausing to allow workers to finish...
2016-10-14T11:24:48.759Z 84963 TID-ow7hqfv9o INFO: Bye!
