Count: 2262  Time=0.01s (16s)  Lock=0.00s (0s)  Rows=0.7 (1630), root[root]@localhost
  SELECT * FROM `comments` WHERE `post_id` = N ORDER BY `created_at` DESC LIMIT N

Count: 495  Time=0.03s (14s)  Lock=0.00s (0s)  Rows=0.6 (274), root[root]@localhost
  SELECT * FROM `posts` WHERE `id` = N

Count: 2294  Time=0.01s (12s)  Lock=0.00s (0s)  Rows=0.3 (662), root[root]@localhost
  SELECT COUNT(*) AS `count` FROM `comments` WHERE `post_id` = N

Count: 11  Time=0.16s (1s)  Lock=0.01s (0s)  Rows=0.0 (0), root[root]@localhost
  INSERT INTO `posts` (`user_id`, `mime`, `imgdata`, `body`) VALUES (N,'S','S','S')

Count: 32  Time=0.04s (1s)  Lock=0.00s (0s)  Rows=1.0 (32), root[root]@localhost
  SELECT * FROM `posts` WHERE `id` = 'S'

Count: 32  Time=0.03s (0s)  Lock=0.00s (0s)  Rows=7.4 (236), root[root]@localhost
  SELECT * FROM `comments` WHERE `post_id` = N ORDER BY `created_at` DESC

Count: 17  Time=0.05s (0s)  Lock=0.00s (0s)  Rows=0.0 (0), root[root]@localhost
  INSERT INTO `users` (`account_name`, `passhash`) VALUES ('S','S')

Count: 17  Time=0.05s (0s)  Lock=0.00s (0s)  Rows=0.0 (0), root[root]@localhost
  INSERT INTO `comments` (`post_id`, `user_id`, `comment`) VALUES ('S',N,'S')

Count: 26821  Time=0.00s (0s)  Lock=0.00s (0s)  Rows=469.5 (12591295), root[root]@localhost
  #

Count: 90  Time=0.01s (0s)  Lock=0.00s (0s)  Rows=1334.1 (120066), root[root]@localhost
  SELECT `id`, `user_id`, `body`, `created_at`, `mime` FROM `posts` ORDER BY `created_at` DESC

Count: 24  Time=0.02s (0s)  Lock=0.00s (0s)  Rows=1.0 (24), root[root]@localhost
  SELECT COUNT(*) AS count FROM `comments` WHERE `user_id` = N

Count: 8084  Time=0.00s (0s)  Lock=0.00s (0s)  Rows=0.3 (2344), root[root]@localhost
  SELECT * FROM `users` WHERE `id` = N

Count: 4  Time=0.04s (0s)  Lock=0.00s (0s)  Rows=7486.2 (29945), root[root]@localhost
  SELECT `id`, `user_id`, `body`, `mime`, `created_at` FROM `posts` WHERE `created_at` <= 'S' ORDER BY `created_at` DESC

Count: 7  Time=0.02s (0s)  Lock=0.00s (0s)  Rows=1.0 (7), root[root]@localhost
  SELECT COUNT(*) AS count FROM `comments` WHERE `post_id` IN (N,N,N,N,N,N,N,N,N)

Count: 1  Time=0.11s (0s)  Lock=0.00s (0s)  Rows=0.0 (0), root[root]@localhost
  DELETE FROM users WHERE id > N

Count: 24  Time=0.00s (0s)  Lock=0.00s (0s)  Rows=10.4 (250), root[root]@localhost
  SELECT `id`, `user_id`, `body`, `mime`, `created_at` FROM `posts` WHERE `user_id` = N ORDER BY `created_at` DESC

Count: 4  Time=0.02s (0s)  Lock=0.00s (0s)  Rows=1.0 (4), root[root]@localhost
  SELECT COUNT(*) AS count FROM `comments` WHERE `post_id` IN (N,N,N,N,N,N,N,N,N,N,N)

Count: 24  Time=0.00s (0s)  Lock=0.00s (0s)  Rows=10.4 (250), root[root]@localhost
  SELECT `id` FROM `posts` WHERE `user_id` = N

Count: 3  Time=0.02s (0s)  Lock=0.00s (0s)  Rows=1.0 (3), root[root]@localhost
  SELECT COUNT(*) AS count FROM `comments` WHERE `post_id` IN (N,N,N,N,N,N,N,N,N,N,N,N)

Count: 3  Time=0.02s (0s)  Lock=0.00s (0s)  Rows=1.0 (3), root[root]@localhost
  SELECT COUNT(*) AS count FROM `comments` WHERE `post_id` IN (N,N,N,N,N,N,N,N)

Count: 1  Time=0.03s (0s)  Lock=0.00s (0s)  Rows=1.0 (1), root[root]@localhost
  SELECT COUNT(*) AS count FROM `comments` WHERE `post_id` IN (N,N,N,N,N,N,N,N,N,N,N,N,N,N,N)

Count: 1  Time=0.03s (0s)  Lock=0.00s (0s)  Rows=1.0 (1), root[root]@localhost
  SELECT COUNT(*) AS count FROM `comments` WHERE `post_id` IN (N,N,N,N,N,N,N,N,N,N,N,N,N)

Count: 1  Time=0.03s (0s)  Lock=0.00s (0s)  Rows=1.0 (1), root[root]@localhost
  SELECT COUNT(*) AS count FROM `comments` WHERE `post_id` IN (N,N,N,N,N,N,N,N,N,N,N,N,N,N,N,N)

Count: 1  Time=0.03s (0s)  Lock=0.00s (0s)  Rows=1.0 (1), root[root]@localhost
  SELECT COUNT(*) AS count FROM `comments` WHERE `post_id` IN (N,N,N,N,N,N)

Count: 1  Time=0.02s (0s)  Lock=0.00s (0s)  Rows=1.0 (1), root[root]@localhost
  SELECT COUNT(*) AS count FROM `comments` WHERE `post_id` IN (N,N,N,N,N,N,N,N,N,N,N,N,N,N,N,N,N,N,N)

Count: 1  Time=0.01s (0s)  Lock=0.00s (0s)  Rows=1.0 (1), root[root]@localhost
  SELECT COUNT(*) AS count FROM `comments` WHERE `post_id` IN (N,N,N,N,N,N,N,N,N,N)

Count: 1  Time=0.01s (0s)  Lock=0.00s (0s)  Rows=1.0 (1), root[root]@localhost
  SELECT COUNT(*) AS count FROM `comments` WHERE `post_id` IN (N,N,N,N)

Count: 66  Time=0.00s (0s)  Lock=0.00s (0s)  Rows=1.0 (63), root[root]@localhost
  SELECT * FROM users WHERE account_name = 'S' AND del_flg = N

Count: 1  Time=0.00s (0s)  Lock=0.00s (0s)  Rows=0.0 (0), root[root]@localhost
  UPDATE users SET del_flg = N

Count: 24  Time=0.00s (0s)  Lock=0.00s (0s)  Rows=1.0 (24), root[root]@localhost
  SELECT * FROM `users` WHERE `account_name` = 'S' AND `del_flg` = N

Count: 1  Time=0.00s (0s)  Lock=0.00s (0s)  Rows=0.0 (0), root[root]@localhost
  UPDATE users SET del_flg = N WHERE id % N = N

Count: 1  Time=0.00s (0s)  Lock=0.00s (0s)  Rows=0.0 (0), root[root]@localhost
  flush logs

Count: 17  Time=0.00s (0s)  Lock=0.00s (0s)  Rows=0.0 (0), root[root]@localhost
  SELECT N FROM users WHERE `account_name` = 'S'

Count: 1  Time=0.00s (0s)  Lock=0.00s (0s)  Rows=0.0 (0), root[root]@localhost
  DELETE FROM posts WHERE id > N

Count: 1  Time=0.00s (0s)  Lock=0.00s (0s)  Rows=0.0 (0), root[root]@localhost
  DELETE FROM comments WHERE id > N

Count: 1  Time=0.00s (0s)  Lock=0.00s (0s)  Rows=0.0 (0), 0users@0hosts
  administrator command: Quit

Count: 13364  Time=0.00s (0s)  Lock=0.00s (0s)  Rows=0.0 (0), 0users@0hosts
  administrator command: Close stmt

Count: 13456  Time=0.00s (0s)  Lock=0.00s (0s)  Rows=0.0 (0), 0users@0hosts
  administrator command: Prepare

